30-Mar-23 15:13:10 - DEBUG - 1
30-Mar-23 15:13:10 - DEBUG - 2
30-Mar-23 15:13:10 - DEBUG - 3
30-Mar-23 15:13:10 - DEBUG - 4
30-Mar-23 15:13:10 - DEBUG - 5
30-Mar-23 15:13:10 - DEBUG - 6
30-Mar-23 15:13:10 - DEBUG - 7
30-Mar-23 15:13:11 - DEBUG - Start disx_obj
30-Mar-23 15:13:11 - DEBUG - Start disy_obj
30-Mar-23 15:13:11 - DEBUG - Start disx_obj
30-Mar-23 15:13:43 - DEBUG - 1
30-Mar-23 15:13:43 - DEBUG - 2
30-Mar-23 15:13:43 - DEBUG - 3
30-Mar-23 15:13:43 - DEBUG - 4
30-Mar-23 15:13:43 - DEBUG - 5
30-Mar-23 15:13:43 - DEBUG - 6
30-Mar-23 15:13:43 - DEBUG - 7
30-Mar-23 15:13:43 - DEBUG - Start disx_obj
30-Mar-23 15:13:43 - DEBUG - Start disy_obj
30-Mar-23 15:13:43 - DEBUG - Start disx_obj
30-Mar-23 15:14:20 - DEBUG - 1
30-Mar-23 15:14:20 - DEBUG - 2
30-Mar-23 15:14:20 - DEBUG - 3
30-Mar-23 15:14:20 - DEBUG - 4
30-Mar-23 15:14:20 - DEBUG - 5
30-Mar-23 15:14:20 - DEBUG - 6
30-Mar-23 15:14:20 - DEBUG - 7
30-Mar-23 15:14:20 - DEBUG - Start disx_obj
30-Mar-23 15:14:20 - DEBUG - Start disy_obj
30-Mar-23 15:14:20 - DEBUG - Start disx_obj
30-Mar-23 15:14:59 - DEBUG - 1
30-Mar-23 15:14:59 - DEBUG - 2
30-Mar-23 15:14:59 - DEBUG - 3
30-Mar-23 15:14:59 - DEBUG - 4
30-Mar-23 15:14:59 - DEBUG - 5
30-Mar-23 15:14:59 - DEBUG - 6
30-Mar-23 15:14:59 - DEBUG - 7
30-Mar-23 15:14:59 - DEBUG - Start disx_obj
30-Mar-23 15:14:59 - DEBUG - Start disy_obj
30-Mar-23 15:15:00 - DEBUG - Start disx_obj
30-Mar-23 15:16:02 - DEBUG - 1
30-Mar-23 15:16:02 - DEBUG - 2
30-Mar-23 15:16:02 - DEBUG - 3
30-Mar-23 15:16:02 - DEBUG - 4
30-Mar-23 15:16:02 - DEBUG - 5
30-Mar-23 15:16:02 - DEBUG - 6
30-Mar-23 15:16:02 - DEBUG - 7
30-Mar-23 15:16:02 - DEBUG - Start disx_obj
30-Mar-23 15:16:02 - DEBUG - Start disy_obj
30-Mar-23 15:16:02 - DEBUG - Start disx_obj
30-Mar-23 15:16:41 - DEBUG - 1
30-Mar-23 15:16:41 - DEBUG - 2
30-Mar-23 15:16:41 - DEBUG - 3
30-Mar-23 15:16:41 - DEBUG - 4
30-Mar-23 15:16:41 - DEBUG - 5
30-Mar-23 15:16:41 - DEBUG - 6
30-Mar-23 15:16:41 - DEBUG - 7
30-Mar-23 15:16:41 - DEBUG - Start disx_obj
30-Mar-23 15:16:41 - DEBUG - Start disy_obj
30-Mar-23 15:16:41 - DEBUG - Start disx_obj
31-Mar-23 10:43:40 - DEBUG - 1
31-Mar-23 10:43:40 - DEBUG - 2
31-Mar-23 10:43:40 - DEBUG - 3
31-Mar-23 10:43:40 - DEBUG - 4
31-Mar-23 10:43:40 - DEBUG - 5
31-Mar-23 10:43:40 - DEBUG - 6
31-Mar-23 10:43:40 - DEBUG - 7
31-Mar-23 10:43:40 - DEBUG - Start disx_obj
31-Mar-23 10:43:40 - DEBUG - Start disy_obj
31-Mar-23 10:43:40 - DEBUG - Start disx_obj
31-Mar-23 10:43:40 - DEBUG - Start disy_obj
31-Mar-23 10:44:38 - DEBUG - 1
31-Mar-23 10:44:38 - DEBUG - 2
31-Mar-23 10:44:38 - DEBUG - 3
31-Mar-23 10:44:38 - DEBUG - 4
31-Mar-23 10:44:38 - DEBUG - 5
31-Mar-23 10:44:38 - DEBUG - 6
31-Mar-23 10:44:38 - DEBUG - 7
31-Mar-23 10:44:38 - DEBUG - Start disx_obj
31-Mar-23 10:44:38 - DEBUG - Start disy_obj
31-Mar-23 10:44:38 - DEBUG - Start disx_obj
31-Mar-23 10:44:38 - DEBUG - Start disy_obj
31-Mar-23 10:45:14 - DEBUG - Start disx_obj
31-Mar-23 10:45:19 - DEBUG - Start disx_obj
31-Mar-23 10:48:19 - DEBUG - 1
31-Mar-23 10:48:19 - DEBUG - 2
31-Mar-23 10:48:19 - DEBUG - 3
31-Mar-23 10:48:19 - DEBUG - 4
31-Mar-23 10:48:19 - DEBUG - 5
31-Mar-23 10:48:19 - DEBUG - 6
31-Mar-23 10:48:19 - DEBUG - 7
31-Mar-23 10:48:19 - DEBUG - Start disx_obj
31-Mar-23 10:48:19 - DEBUG - Start disy_obj
31-Mar-23 10:48:19 - DEBUG - Start disx_obj
31-Mar-23 10:48:19 - DEBUG - Start disy_obj
31-Mar-23 10:50:01 - DEBUG - 1
31-Mar-23 10:50:01 - DEBUG - 2
31-Mar-23 10:50:01 - DEBUG - 3
31-Mar-23 10:50:01 - DEBUG - 4
31-Mar-23 10:50:01 - DEBUG - 5
31-Mar-23 10:50:01 - DEBUG - 6
31-Mar-23 10:50:01 - DEBUG - 7
31-Mar-23 10:50:01 - DEBUG - Start disx_obj
31-Mar-23 10:50:01 - DEBUG - Start disy_obj
31-Mar-23 10:50:01 - DEBUG - Start disx_obj
31-Mar-23 10:50:01 - DEBUG - Start disy_obj
31-Mar-23 10:50:56 - DEBUG - 1
31-Mar-23 10:50:56 - DEBUG - 2
31-Mar-23 10:50:56 - DEBUG - 3
31-Mar-23 10:50:56 - DEBUG - 4
31-Mar-23 10:50:56 - DEBUG - 5
31-Mar-23 10:50:56 - DEBUG - 6
31-Mar-23 10:50:56 - DEBUG - 7
31-Mar-23 10:50:57 - DEBUG - Start disx_obj
31-Mar-23 10:50:57 - DEBUG - Start disy_obj
31-Mar-23 10:50:57 - DEBUG - Start disx_obj
31-Mar-23 10:50:57 - DEBUG - Start disy_obj
31-Mar-23 10:50:59 - DEBUG - 1
31-Mar-23 10:50:59 - DEBUG - 2
31-Mar-23 10:50:59 - DEBUG - 3
31-Mar-23 10:50:59 - DEBUG - 4
31-Mar-23 10:50:59 - DEBUG - 5
31-Mar-23 10:50:59 - DEBUG - 6
31-Mar-23 10:50:59 - DEBUG - 7
31-Mar-23 10:51:00 - DEBUG - Start disx_obj
31-Mar-23 10:51:00 - DEBUG - Start disy_obj
31-Mar-23 10:51:00 - DEBUG - Start disx_obj
31-Mar-23 10:51:00 - DEBUG - Start disy_obj
31-Mar-23 11:11:03 - DEBUG - 1
31-Mar-23 11:11:03 - DEBUG - 2
31-Mar-23 11:11:03 - DEBUG - 3
31-Mar-23 11:11:03 - DEBUG - 4
31-Mar-23 11:11:03 - DEBUG - 5
31-Mar-23 11:11:03 - DEBUG - 6
31-Mar-23 11:11:03 - DEBUG - 7
31-Mar-23 11:11:03 - DEBUG - Start disx_obj
31-Mar-23 11:11:03 - DEBUG - Start disy_obj
31-Mar-23 11:11:03 - DEBUG - Start disx_obj
31-Mar-23 11:43:54 - DEBUG - 1
31-Mar-23 11:43:54 - DEBUG - 2
31-Mar-23 11:43:54 - DEBUG - 3
31-Mar-23 11:43:54 - DEBUG - 4
31-Mar-23 11:43:54 - DEBUG - 5
31-Mar-23 11:43:54 - DEBUG - 6
31-Mar-23 11:43:54 - DEBUG - 7
31-Mar-23 11:43:54 - DEBUG - Start disx_obj
31-Mar-23 11:43:54 - DEBUG - Start disy_obj
31-Mar-23 11:43:54 - DEBUG - Start disx_obj
31-Mar-23 11:43:57 - DEBUG - Start disy_obj
31-Mar-23 16:31:51 - DEBUG - 1
31-Mar-23 16:31:51 - DEBUG - 2
31-Mar-23 16:31:51 - DEBUG - 3
31-Mar-23 16:31:51 - DEBUG - 4
31-Mar-23 16:31:51 - DEBUG - 5
31-Mar-23 16:31:51 - DEBUG - 6
31-Mar-23 16:31:51 - DEBUG - 7
31-Mar-23 16:31:51 - DEBUG - Start disx_obj
31-Mar-23 16:31:52 - DEBUG - Start disy_obj
31-Mar-23 16:31:52 - DEBUG - Start disx_obj
31-Mar-23 16:31:55 - DEBUG - Start disy_obj
31-Mar-23 16:41:37 - DEBUG - 123
31-Mar-23 16:41:37 - DEBUG - 234
31-Mar-23 16:41:37 - DEBUG - 345
31-Mar-23 16:41:37 - DEBUG - 456
31-Mar-23 16:41:37 - DEBUG - 
31-Mar-23 16:41:37 - DEBUG - 
31-Mar-23 16:41:37 - DEBUG - 
31-Mar-23 16:41:37 - DEBUG - Start disx_obj
31-Mar-23 16:41:37 - DEBUG - Start disy_obj
31-Mar-23 16:41:37 - DEBUG - Start disx_obj
31-Mar-23 23:29:05 - DEBUG - 1
31-Mar-23 23:29:05 - DEBUG - 2
31-Mar-23 23:29:05 - DEBUG - 3
31-Mar-23 23:29:05 - DEBUG - 4
31-Mar-23 23:29:05 - DEBUG - 5
31-Mar-23 23:29:05 - DEBUG - 6
31-Mar-23 23:29:05 - DEBUG - 7
31-Mar-23 23:29:05 - DEBUG - Start disx_obj
31-Mar-23 23:29:05 - DEBUG - Start disy_obj
31-Mar-23 23:29:05 - DEBUG - Start disy_obj
31-Mar-23 23:31:00 - DEBUG - 1
31-Mar-23 23:31:00 - DEBUG - 2
31-Mar-23 23:31:00 - DEBUG - 3
31-Mar-23 23:31:00 - DEBUG - 4
31-Mar-23 23:31:00 - DEBUG - 5
31-Mar-23 23:31:00 - DEBUG - 6
31-Mar-23 23:31:00 - DEBUG - 7
31-Mar-23 23:31:00 - DEBUG - Start disx_obj
31-Mar-23 23:31:00 - DEBUG - Start disy_obj
31-Mar-23 23:31:00 - DEBUG - Start disx_obj
31-Mar-23 23:31:00 - DEBUG - Start disy_obj
31-Mar-23 23:31:15 - DEBUG - Start disy_obj
31-Mar-23 23:31:18 - DEBUG - Start disy_obj
31-Mar-23 23:31:20 - DEBUG - Start disy_obj
31-Mar-23 23:31:29 - DEBUG - Start disy_obj
31-Mar-23 23:31:34 - DEBUG - Start disy_obj
31-Mar-23 23:31:34 - DEBUG - Start disy_obj
31-Mar-23 23:31:35 - DEBUG - Start disy_obj
31-Mar-23 23:31:36 - DEBUG - Start disy_obj
31-Mar-23 23:31:36 - DEBUG - Start disy_obj
31-Mar-23 23:31:47 - DEBUG - Start disy_obj
31-Mar-23 23:31:49 - DEBUG - Start disy_obj
31-Mar-23 23:31:50 - DEBUG - Start disy_obj
31-Mar-23 23:31:50 - DEBUG - Start disy_obj
31-Mar-23 23:31:51 - DEBUG - Start disy_obj
31-Mar-23 23:32:03 - DEBUG - Start disy_obj
31-Mar-23 23:32:05 - DEBUG - Start disy_obj
31-Mar-23 23:32:05 - DEBUG - Start disy_obj
31-Mar-23 23:32:06 - DEBUG - Start disy_obj
31-Mar-23 23:32:07 - DEBUG - Start disy_obj
31-Mar-23 23:32:07 - DEBUG - Start disy_obj
31-Mar-23 23:32:09 - DEBUG - Start disy_obj
31-Mar-23 23:33:04 - DEBUG - 1
31-Mar-23 23:33:04 - DEBUG - 2
31-Mar-23 23:33:04 - DEBUG - 3
31-Mar-23 23:33:04 - DEBUG - 4
31-Mar-23 23:33:04 - DEBUG - 5
31-Mar-23 23:33:04 - DEBUG - 6
31-Mar-23 23:33:04 - DEBUG - 7
31-Mar-23 23:33:04 - DEBUG - Start disx_obj
31-Mar-23 23:33:04 - DEBUG - Start disy_obj
31-Mar-23 23:33:05 - DEBUG - Start disx_obj
31-Mar-23 23:33:05 - DEBUG - Start disy_obj
31-Mar-23 23:33:10 - DEBUG - Start disy_obj
31-Mar-23 23:33:10 - DEBUG - Start disy_obj
31-Mar-23 23:33:12 - DEBUG - Start disy_obj
31-Mar-23 23:33:14 - DEBUG - Start disy_obj
31-Mar-23 23:33:14 - DEBUG - Start disy_obj
31-Mar-23 23:33:14 - DEBUG - Start disy_obj
31-Mar-23 23:33:19 - DEBUG - Start disy_obj
31-Mar-23 23:33:19 - DEBUG - Start disy_obj
31-Mar-23 23:33:34 - DEBUG - Start disy_obj
31-Mar-23 23:33:39 - DEBUG - Start disy_obj
31-Mar-23 23:33:42 - DEBUG - Start disy_obj
31-Mar-23 23:33:42 - DEBUG - Start disy_obj
31-Mar-23 23:42:17 - DEBUG - 1
31-Mar-23 23:42:17 - DEBUG - 2
31-Mar-23 23:42:17 - DEBUG - 3
31-Mar-23 23:42:17 - DEBUG - 4
31-Mar-23 23:42:17 - DEBUG - 5
31-Mar-23 23:42:17 - DEBUG - 6
31-Mar-23 23:42:17 - DEBUG - 7
31-Mar-23 23:42:17 - DEBUG - Start disx_obj
31-Mar-23 23:42:17 - DEBUG - Start disy_obj
31-Mar-23 23:42:17 - DEBUG - Start disy_obj
01-Apr-23 00:17:29 - DEBUG - 1
01-Apr-23 00:17:29 - DEBUG - 2
01-Apr-23 00:17:29 - DEBUG - 3
01-Apr-23 00:17:29 - DEBUG - 0.2
01-Apr-23 00:17:29 - DEBUG - 4
01-Apr-23 00:17:29 - DEBUG - 5
01-Apr-23 00:17:29 - DEBUG - 0.6
01-Apr-23 00:17:29 - DEBUG - Start disx_obj
01-Apr-23 00:17:29 - DEBUG - Start disy_obj
01-Apr-23 00:17:29 - DEBUG - Start disy_obj
01-Apr-23 00:26:15 - DEBUG - 1
01-Apr-23 00:26:15 - DEBUG - 2
01-Apr-23 00:26:15 - DEBUG - 3
01-Apr-23 00:26:15 - DEBUG - 11
01-Apr-23 00:26:15 - DEBUG - 22
01-Apr-23 00:26:15 - DEBUG - 4
01-Apr-23 00:26:15 - DEBUG - 5
01-Apr-23 00:26:15 - DEBUG - 66
01-Apr-23 00:26:15 - DEBUG - 77
01-Apr-23 00:26:15 - DEBUG - Start disx_obj
01-Apr-23 00:26:15 - DEBUG - Start disy_obj
01-Apr-23 00:26:15 - DEBUG - Start disy_obj
01-Apr-23 00:27:38 - DEBUG - 1
01-Apr-23 00:27:38 - DEBUG - 2
01-Apr-23 00:27:38 - DEBUG - 3
01-Apr-23 00:27:38 - DEBUG - 44
01-Apr-23 00:27:38 - DEBUG - 55
01-Apr-23 00:27:38 - DEBUG - 6
01-Apr-23 00:27:38 - DEBUG - 7
01-Apr-23 00:27:38 - DEBUG - 88
01-Apr-23 00:27:38 - DEBUG - 99
01-Apr-23 00:27:38 - DEBUG - Start disx_obj
01-Apr-23 00:27:38 - DEBUG - Start disy_obj
01-Apr-23 00:27:38 - DEBUG - Start disy_obj
01-Apr-23 00:27:55 - DEBUG - Start disx_obj
01-Apr-23 00:30:06 - DEBUG - Start disx_obj
01-Apr-23 00:30:06 - DEBUG - Start disy_obj
01-Apr-23 00:30:06 - DEBUG - Start disx_obj
01-Apr-23 00:30:06 - DEBUG - Start disy_obj
01-Apr-23 00:30:35 - DEBUG - 1
01-Apr-23 00:30:35 - DEBUG - 2
01-Apr-23 00:30:35 - DEBUG - 3
01-Apr-23 00:30:35 - DEBUG - 44
01-Apr-23 00:30:35 - DEBUG - 55
01-Apr-23 00:30:35 - DEBUG - 6
01-Apr-23 00:30:35 - DEBUG - 7
01-Apr-23 00:30:35 - DEBUG - 88
01-Apr-23 00:30:35 - DEBUG - 99
01-Apr-23 00:30:35 - DEBUG - Start disx_obj
01-Apr-23 00:30:35 - DEBUG - Start disy_obj
01-Apr-23 00:30:35 - DEBUG - Start disy_obj
01-Apr-23 00:30:35 - DEBUG - Start disx_obj
01-Apr-23 00:31:20 - DEBUG - 1
01-Apr-23 00:31:20 - DEBUG - 2
01-Apr-23 00:31:20 - DEBUG - 3
01-Apr-23 00:31:20 - DEBUG - 44
01-Apr-23 00:31:20 - DEBUG - 55
01-Apr-23 00:31:20 - DEBUG - 
01-Apr-23 00:31:20 - DEBUG - 
01-Apr-23 00:31:20 - DEBUG - 
01-Apr-23 00:31:20 - DEBUG - 
01-Apr-23 00:31:20 - DEBUG - Start disx_obj
01-Apr-23 00:31:20 - DEBUG - Start disx_obj
01-Apr-23 00:31:20 - DEBUG - Start disy_obj
01-Apr-23 00:31:20 - DEBUG - Start disy_obj
01-Apr-23 00:32:28 - DEBUG - 1
01-Apr-23 00:32:28 - DEBUG - 2
01-Apr-23 00:32:28 - DEBUG - 3
01-Apr-23 00:32:28 - DEBUG - 4
01-Apr-23 00:32:28 - DEBUG - 5
01-Apr-23 00:32:28 - DEBUG - 
01-Apr-23 00:32:28 - DEBUG - 
01-Apr-23 00:32:28 - DEBUG - 
01-Apr-23 00:32:28 - DEBUG - 
01-Apr-23 00:32:28 - ERROR - Start disx_obj
01-Apr-23 00:32:28 - ERROR - Start disy_obj
01-Apr-23 00:32:28 - ERROR - Start disx_obj
01-Apr-23 00:32:28 - ERROR - Start disy_obj
01-Apr-23 00:33:16 - DEBUG - 1
01-Apr-23 00:33:16 - DEBUG - 2
01-Apr-23 00:33:16 - DEBUG - 3
01-Apr-23 00:33:16 - DEBUG - 44
01-Apr-23 00:33:16 - DEBUG - 55
01-Apr-23 00:33:16 - DEBUG - 
01-Apr-23 00:33:16 - DEBUG - 
01-Apr-23 00:33:16 - DEBUG - 
01-Apr-23 00:33:16 - DEBUG - 
01-Apr-23 00:34:50 - DEBUG - 1
01-Apr-23 00:34:50 - DEBUG - 2
01-Apr-23 00:34:50 - DEBUG - 3
01-Apr-23 00:34:50 - DEBUG - 4
01-Apr-23 00:34:50 - DEBUG - 5
01-Apr-23 00:34:50 - DEBUG - 
01-Apr-23 00:34:50 - DEBUG - 
01-Apr-23 00:34:50 - DEBUG - 
01-Apr-23 00:34:50 - DEBUG - 
01-Apr-23 00:35:38 - DEBUG - 1
01-Apr-23 00:35:38 - DEBUG - 2
01-Apr-23 00:35:38 - DEBUG - 3
01-Apr-23 00:35:38 - DEBUG - 4
01-Apr-23 00:35:38 - DEBUG - 5
01-Apr-23 00:35:38 - DEBUG - 
01-Apr-23 00:35:38 - DEBUG - 
01-Apr-23 00:35:38 - DEBUG - 
01-Apr-23 00:35:38 - DEBUG - 
01-Apr-23 00:36:08 - DEBUG - 1
01-Apr-23 00:36:08 - DEBUG - 2
01-Apr-23 00:36:08 - DEBUG - 3
01-Apr-23 00:36:08 - DEBUG - 4
01-Apr-23 00:36:08 - DEBUG - 5
01-Apr-23 00:36:08 - DEBUG - 
01-Apr-23 00:36:08 - DEBUG - 
01-Apr-23 00:36:08 - DEBUG - 
01-Apr-23 00:36:08 - DEBUG - 
01-Apr-23 00:36:40 - DEBUG - 1
01-Apr-23 00:36:40 - DEBUG - 2
01-Apr-23 00:36:40 - DEBUG - 3
01-Apr-23 00:36:40 - DEBUG - 4
01-Apr-23 00:36:40 - DEBUG - 5
01-Apr-23 00:36:40 - DEBUG - 
01-Apr-23 00:36:40 - DEBUG - 
01-Apr-23 00:36:40 - DEBUG - 
01-Apr-23 00:36:40 - DEBUG - 
01-Apr-23 00:37:16 - DEBUG - 1
01-Apr-23 00:37:16 - DEBUG - 2
01-Apr-23 00:37:16 - DEBUG - 3
01-Apr-23 00:37:16 - DEBUG - 4
01-Apr-23 00:37:16 - DEBUG - 5
01-Apr-23 00:37:16 - DEBUG - 
01-Apr-23 00:37:16 - DEBUG - 
01-Apr-23 00:37:16 - DEBUG - 
01-Apr-23 00:37:16 - DEBUG - 
01-Apr-23 00:37:47 - DEBUG - 1
01-Apr-23 00:37:47 - DEBUG - 2
01-Apr-23 00:37:47 - DEBUG - 3
01-Apr-23 00:37:47 - DEBUG - 4
01-Apr-23 00:37:47 - DEBUG - 4
01-Apr-23 00:37:47 - DEBUG - 
01-Apr-23 00:37:47 - DEBUG - 
01-Apr-23 00:37:47 - DEBUG - 
01-Apr-23 00:37:47 - DEBUG - 
01-Apr-23 00:38:50 - DEBUG - 1
01-Apr-23 00:38:50 - DEBUG - 2
01-Apr-23 00:38:50 - DEBUG - 3
01-Apr-23 00:38:50 - DEBUG - 4
01-Apr-23 00:38:50 - DEBUG - 5
01-Apr-23 00:38:50 - DEBUG - 
01-Apr-23 00:38:50 - DEBUG - 
01-Apr-23 00:38:50 - DEBUG - 
01-Apr-23 00:38:50 - DEBUG - 
01-Apr-23 00:42:54 - DEBUG - 1
01-Apr-23 00:42:54 - DEBUG - 2
01-Apr-23 00:42:54 - DEBUG - 3
01-Apr-23 00:42:54 - DEBUG - 4
01-Apr-23 00:42:54 - DEBUG - 5
01-Apr-23 00:42:54 - DEBUG - 
01-Apr-23 00:42:54 - DEBUG - 
01-Apr-23 00:42:54 - DEBUG - 
01-Apr-23 00:42:54 - DEBUG - 
01-Apr-23 00:43:32 - DEBUG - 1
01-Apr-23 00:43:32 - DEBUG - 2
01-Apr-23 00:43:32 - DEBUG - 3
01-Apr-23 00:43:32 - DEBUG - 4
01-Apr-23 00:43:32 - DEBUG - 5
01-Apr-23 00:43:32 - DEBUG - 
01-Apr-23 00:43:32 - DEBUG - 
01-Apr-23 00:43:32 - DEBUG - 
01-Apr-23 00:43:32 - DEBUG - 
01-Apr-23 00:44:56 - DEBUG - 1
01-Apr-23 00:44:56 - DEBUG - 2
01-Apr-23 00:44:56 - DEBUG - 3
01-Apr-23 00:44:56 - DEBUG - 4
01-Apr-23 00:44:56 - DEBUG - 5
01-Apr-23 00:44:56 - DEBUG - 
01-Apr-23 00:44:56 - DEBUG - 
01-Apr-23 00:44:56 - DEBUG - 
01-Apr-23 00:44:56 - DEBUG - 
01-Apr-23 00:46:14 - DEBUG - 1
01-Apr-23 00:46:14 - DEBUG - 2
01-Apr-23 00:46:14 - DEBUG - 3
01-Apr-23 00:46:14 - DEBUG - 4
01-Apr-23 00:46:14 - DEBUG - 5
01-Apr-23 00:46:14 - DEBUG - 
01-Apr-23 00:46:14 - DEBUG - 
01-Apr-23 00:46:14 - DEBUG - 
01-Apr-23 00:46:14 - DEBUG - 
01-Apr-23 00:47:29 - DEBUG - 1
01-Apr-23 00:47:29 - DEBUG - 2
01-Apr-23 00:47:29 - DEBUG - 3
01-Apr-23 00:47:29 - DEBUG - 4
01-Apr-23 00:47:29 - DEBUG - 5
01-Apr-23 00:47:29 - DEBUG - 
01-Apr-23 00:47:29 - DEBUG - 
01-Apr-23 00:47:29 - DEBUG - 
01-Apr-23 00:47:29 - DEBUG - 
01-Apr-23 00:48:41 - DEBUG - 1
01-Apr-23 00:48:41 - DEBUG - 2
01-Apr-23 00:48:41 - DEBUG - 3
01-Apr-23 00:48:41 - DEBUG - 4
01-Apr-23 00:48:41 - DEBUG - 5
01-Apr-23 00:48:41 - DEBUG - 
01-Apr-23 00:48:41 - DEBUG - 
01-Apr-23 00:48:41 - DEBUG - 
01-Apr-23 00:48:41 - DEBUG - 
03-Apr-23 09:41:46 - DEBUG - 100
03-Apr-23 09:41:46 - DEBUG - 20
03-Apr-23 09:41:46 - DEBUG - 50
03-Apr-23 09:41:46 - DEBUG - 2
03-Apr-23 09:41:46 - DEBUG - 6
03-Apr-23 09:41:46 - DEBUG - 3
03-Apr-23 09:41:46 - DEBUG - 4
03-Apr-23 09:41:46 - DEBUG - 6
03-Apr-23 09:41:46 - DEBUG - 7
03-Apr-23 09:43:06 - DEBUG - 222
03-Apr-23 09:43:06 - DEBUG - 3
03-Apr-23 09:43:06 - DEBUG - 1
03-Apr-23 09:43:06 - DEBUG - 4
03-Apr-23 09:43:06 - DEBUG - 5
03-Apr-23 09:43:06 - DEBUG - 
03-Apr-23 09:43:06 - DEBUG - 
03-Apr-23 09:43:06 - DEBUG - 
03-Apr-23 09:43:06 - DEBUG - 
03-Apr-23 09:46:09 - DEBUG - 11
03-Apr-23 09:46:09 - DEBUG - 2
03-Apr-23 09:46:09 - DEBUG - 3
03-Apr-23 09:46:09 - DEBUG - 4
03-Apr-23 09:46:09 - DEBUG - 5
03-Apr-23 09:46:09 - DEBUG - 
03-Apr-23 09:46:09 - DEBUG - 
03-Apr-23 09:46:09 - DEBUG - 
03-Apr-23 09:46:09 - DEBUG - 
03-Apr-23 09:46:42 - DEBUG - 11
03-Apr-23 09:46:42 - DEBUG - 2
03-Apr-23 09:46:42 - DEBUG - 3
03-Apr-23 09:46:42 - DEBUG - 4
03-Apr-23 09:46:42 - DEBUG - 5
03-Apr-23 09:46:42 - DEBUG - 
03-Apr-23 09:46:42 - DEBUG - 
03-Apr-23 09:46:42 - DEBUG - 
03-Apr-23 09:46:42 - DEBUG - 
03-Apr-23 09:47:45 - DEBUG - 11
03-Apr-23 09:47:45 - DEBUG - 22
03-Apr-23 09:47:45 - DEBUG - 3
03-Apr-23 09:47:45 - DEBUG - 45
03-Apr-23 09:47:45 - DEBUG - 5
03-Apr-23 09:47:45 - DEBUG - 
03-Apr-23 09:47:45 - DEBUG - 
03-Apr-23 09:47:45 - DEBUG - 
03-Apr-23 09:47:45 - DEBUG - 
03-Apr-23 09:48:42 - DEBUG - 123
03-Apr-23 09:48:42 - DEBUG - 4
03-Apr-23 09:48:42 - DEBUG - 5
03-Apr-23 09:48:42 - DEBUG - 3
03-Apr-23 09:48:42 - DEBUG - 44
03-Apr-23 09:48:42 - DEBUG - 
03-Apr-23 09:48:42 - DEBUG - 
03-Apr-23 09:48:42 - DEBUG - 
03-Apr-23 09:48:42 - DEBUG - 
03-Apr-23 09:49:31 - DEBUG - 112
03-Apr-23 09:49:31 - DEBUG - 22
03-Apr-23 09:49:31 - DEBUG - 33
03-Apr-23 09:49:31 - DEBUG - 44
03-Apr-23 09:49:31 - DEBUG - 55
03-Apr-23 09:49:31 - DEBUG - 
03-Apr-23 09:49:31 - DEBUG - 
03-Apr-23 09:49:31 - DEBUG - 
03-Apr-23 09:49:31 - DEBUG - 
03-Apr-23 09:50:38 - DEBUG - 12
03-Apr-23 09:50:38 - DEBUG - 34
03-Apr-23 09:50:38 - DEBUG - 24
03-Apr-23 09:50:38 - DEBUG - 25
03-Apr-23 09:50:38 - DEBUG - 36
03-Apr-23 09:50:38 - DEBUG - 
03-Apr-23 09:50:38 - DEBUG - 
03-Apr-23 09:50:38 - DEBUG - 
03-Apr-23 09:50:38 - DEBUG - 
03-Apr-23 09:51:52 - DEBUG - 123
03-Apr-23 09:51:52 - DEBUG - 244
03-Apr-23 09:51:52 - DEBUG - 35
03-Apr-23 09:51:52 - DEBUG - 54
03-Apr-23 09:51:52 - DEBUG - 56
03-Apr-23 09:51:52 - DEBUG - 
03-Apr-23 09:51:52 - DEBUG - 
03-Apr-23 09:51:52 - DEBUG - 
03-Apr-23 09:51:52 - DEBUG - 
03-Apr-23 09:57:02 - DEBUG - 123
03-Apr-23 09:57:02 - DEBUG - 24
03-Apr-23 09:57:02 - DEBUG - 2
03-Apr-23 09:57:02 - DEBUG - 34
03-Apr-23 09:57:02 - DEBUG - 45
03-Apr-23 09:57:02 - DEBUG - 
03-Apr-23 09:57:02 - DEBUG - 
03-Apr-23 09:57:02 - DEBUG - 
03-Apr-23 09:57:02 - DEBUG - 
03-Apr-23 10:35:38 - DEBUG - 123
03-Apr-23 10:35:38 - DEBUG - 10
03-Apr-23 10:35:38 - DEBUG - 3
03-Apr-23 10:35:38 - DEBUG - 4
03-Apr-23 10:35:38 - DEBUG - 5
03-Apr-23 10:35:38 - DEBUG - 
03-Apr-23 10:35:38 - DEBUG - 
03-Apr-23 10:35:38 - DEBUG - 
03-Apr-23 10:35:38 - DEBUG - 
03-Apr-23 10:36:59 - DEBUG - 1
03-Apr-23 10:36:59 - DEBUG - 10
03-Apr-23 10:36:59 - DEBUG - 2
03-Apr-23 10:36:59 - DEBUG - 3
03-Apr-23 10:36:59 - DEBUG - 4
03-Apr-23 10:36:59 - DEBUG - 
03-Apr-23 10:36:59 - DEBUG - 
03-Apr-23 10:36:59 - DEBUG - 
03-Apr-23 10:36:59 - DEBUG - 
03-Apr-23 10:39:53 - DEBUG - 
03-Apr-23 10:39:53 - DEBUG - 
03-Apr-23 10:39:53 - DEBUG - 
03-Apr-23 10:39:53 - DEBUG - 
03-Apr-23 10:43:28 - DEBUG - 
03-Apr-23 10:43:28 - DEBUG - 
03-Apr-23 10:43:28 - DEBUG - 
03-Apr-23 10:43:28 - DEBUG - 
03-Apr-23 10:43:37 - DEBUG - 
03-Apr-23 10:43:37 - DEBUG - 
03-Apr-23 10:43:37 - DEBUG - 
03-Apr-23 10:43:37 - DEBUG - 
03-Apr-23 10:43:49 - DEBUG - 
03-Apr-23 10:43:49 - DEBUG - 
03-Apr-23 10:43:49 - DEBUG - 
03-Apr-23 10:43:49 - DEBUG - 
03-Apr-23 10:44:07 - DEBUG - 
03-Apr-23 10:44:07 - DEBUG - 
03-Apr-23 10:44:07 - DEBUG - 
03-Apr-23 10:44:07 - DEBUG - 
03-Apr-23 10:44:15 - DEBUG - 
03-Apr-23 10:44:15 - DEBUG - 
03-Apr-23 10:44:15 - DEBUG - 
03-Apr-23 10:44:15 - DEBUG - 
03-Apr-23 10:44:43 - DEBUG - 
03-Apr-23 10:44:43 - DEBUG - 
03-Apr-23 10:44:43 - DEBUG - 
03-Apr-23 10:44:43 - DEBUG - 
03-Apr-23 10:46:51 - DEBUG - 
03-Apr-23 10:46:51 - DEBUG - 
03-Apr-23 10:46:51 - DEBUG - 
03-Apr-23 10:46:51 - DEBUG - 
03-Apr-23 10:52:33 - DEBUG - 
03-Apr-23 10:52:33 - DEBUG - 
03-Apr-23 10:52:33 - DEBUG - 
03-Apr-23 10:52:33 - DEBUG - 
03-Apr-23 10:52:41 - DEBUG - 
03-Apr-23 10:52:41 - DEBUG - 
03-Apr-23 10:52:41 - DEBUG - 
03-Apr-23 10:52:41 - DEBUG - 
03-Apr-23 10:52:48 - DEBUG - 
03-Apr-23 10:52:48 - DEBUG - 
03-Apr-23 10:52:48 - DEBUG - 
03-Apr-23 10:52:48 - DEBUG - 
03-Apr-23 10:58:01 - DEBUG - 1000
03-Apr-23 10:58:01 - DEBUG - 127
03-Apr-23 10:58:01 - DEBUG - 1
03-Apr-23 10:58:01 - DEBUG - 2
03-Apr-23 10:58:01 - DEBUG - 3
03-Apr-23 10:58:01 - DEBUG - 51
03-Apr-23 10:58:01 - DEBUG - 3
03-Apr-23 10:58:01 - DEBUG - 4
03-Apr-23 10:58:01 - DEBUG - 5
03-Apr-23 11:00:18 - DEBUG - 12
03-Apr-23 11:00:18 - DEBUG - 61
03-Apr-23 11:00:18 - DEBUG - 34
03-Apr-23 11:00:18 - DEBUG - 45
03-Apr-23 11:00:18 - DEBUG - 5
03-Apr-23 11:00:18 - DEBUG - 114
03-Apr-23 11:00:18 - DEBUG - 34
03-Apr-23 11:00:18 - DEBUG - 4
03-Apr-23 11:00:18 - DEBUG - 5
03-Apr-23 11:01:23 - DEBUG - 12
03-Apr-23 11:01:23 - DEBUG - 58
03-Apr-23 11:01:23 - DEBUG - 344
03-Apr-23 11:01:23 - DEBUG - 45
03-Apr-23 11:01:23 - DEBUG - 45
03-Apr-23 11:01:23 - DEBUG - 114
03-Apr-23 11:01:23 - DEBUG - 54
03-Apr-23 11:01:23 - DEBUG - 45
03-Apr-23 11:01:23 - DEBUG - 45
03-Apr-23 11:02:04 - DEBUG - 123
03-Apr-23 11:02:04 - DEBUG - 58
03-Apr-23 11:02:04 - DEBUG - 23
03-Apr-23 11:02:04 - DEBUG - 23
03-Apr-23 11:02:04 - DEBUG - 23
03-Apr-23 11:02:04 - DEBUG - 58
03-Apr-23 11:02:04 - DEBUG - 23
03-Apr-23 11:02:04 - DEBUG - 23
03-Apr-23 11:02:04 - DEBUG - 23
03-Apr-23 11:02:27 - DEBUG - 123
03-Apr-23 11:02:27 - DEBUG - 58
03-Apr-23 11:02:27 - DEBUG - 34
03-Apr-23 11:02:27 - DEBUG - 24
03-Apr-23 11:02:27 - DEBUG - 24
03-Apr-23 11:03:48 - DEBUG - 1
03-Apr-23 11:03:48 - DEBUG - 5
03-Apr-23 11:03:48 - DEBUG - 23
03-Apr-23 11:03:48 - DEBUG - 3
03-Apr-23 11:03:48 - DEBUG - 3
03-Apr-23 11:03:48 - DEBUG - 10
03-Apr-23 11:03:48 - DEBUG - 5
03-Apr-23 11:03:48 - DEBUG - 6
03-Apr-23 11:03:48 - DEBUG - 6
03-Apr-23 11:04:31 - DEBUG - 12
03-Apr-23 11:04:31 - DEBUG - 5
03-Apr-23 11:04:31 - DEBUG - 3
03-Apr-23 11:04:31 - DEBUG - 5
03-Apr-23 11:04:31 - DEBUG - 4
03-Apr-23 11:04:31 - DEBUG - 15
03-Apr-23 11:04:31 - DEBUG - 7
03-Apr-23 11:04:31 - DEBUG - 7
03-Apr-23 11:04:31 - DEBUG - 6
03-Apr-23 11:05:04 - DEBUG - 1
03-Apr-23 11:05:04 - DEBUG - 58
03-Apr-23 11:05:04 - DEBUG - 24
03-Apr-23 11:05:04 - DEBUG - 2
03-Apr-23 11:05:04 - DEBUG - 4
03-Apr-23 11:05:04 - DEBUG - 2
03-Apr-23 11:05:04 - DEBUG - 2
03-Apr-23 11:05:04 - DEBUG - 3
03-Apr-23 11:05:04 - DEBUG - 4
03-Apr-23 11:05:51 - DEBUG - 1
03-Apr-23 11:05:51 - DEBUG - 5
03-Apr-23 11:05:51 - DEBUG - 34
03-Apr-23 11:05:51 - DEBUG - 4
03-Apr-23 11:05:51 - DEBUG - 4
03-Apr-23 11:05:51 - DEBUG - 10
03-Apr-23 11:05:51 - DEBUG - 5
03-Apr-23 11:05:51 - DEBUG - 5
03-Apr-23 11:05:51 - DEBUG - 6
03-Apr-23 11:09:25 - DEBUG - 6
03-Apr-23 11:09:25 - DEBUG - 17
03-Apr-23 11:09:25 - DEBUG - 4
03-Apr-23 11:09:25 - DEBUG - 6
03-Apr-23 11:09:25 - DEBUG - 5
03-Apr-23 11:09:25 - DEBUG - 17
03-Apr-23 11:09:25 - DEBUG - 8
03-Apr-23 11:09:25 - DEBUG - 8
03-Apr-23 11:09:25 - DEBUG - 7
03-Apr-23 11:09:58 - DEBUG - 12
03-Apr-23 11:09:58 - DEBUG - 58
03-Apr-23 11:09:58 - DEBUG - 34
03-Apr-23 11:09:58 - DEBUG - 4
03-Apr-23 11:09:58 - DEBUG - 5
03-Apr-23 11:09:58 - DEBUG - 114
03-Apr-23 11:09:58 - DEBUG - 342
03-Apr-23 11:09:58 - DEBUG - 2
03-Apr-23 11:09:58 - DEBUG - 3
